<?xml version="1.0" encoding="UTF-8"?>
<!-- Generated by org.testng.reporters.JUnitReportReporter -->
<testsuite hostname="Shubham" failures="0" tests="7" name="TestCases._3_PortfolioPageTestCase" time="28.546" errors="0" timestamp="2024-10-17T18:55:54 IST" skipped="6">
  <testcase classname="TestCases._3_PortfolioPageTestCase" name="verifyUserProfileTest" time="28.546"/>
  <system-out>
    <![CDATA[URL shown in the website: Account - Investopedia Stock Simulator]]>
  </system-out>
  <testcase classname="TestCases._3_PortfolioPageTestCase" name="verifygameInfoChartTest">
    <skipped/>
  </testcase> <!-- verifygameInfoChartTest -->
  <system-out/>
  <testcase classname="TestCases._3_PortfolioPageTestCase" name="verifyinvestopediaTradingGameLableTest">
    <skipped/>
  </testcase> <!-- verifyinvestopediaTradingGameLableTest -->
  <system-out/>
  <testcase classname="TestCases._3_PortfolioPageTestCase" name="verifyTitleTest">
    <skipped/>
  </testcase> <!-- verifyTitleTest -->
  <system-out/>
  <testcase classname="TestCases._3_PortfolioPageTestCase" name="verifyoverviewChartTest">
    <skipped/>
  </testcase> <!-- verifyoverviewChartTest -->
  <system-out/>
  <testcase classname="TestCases._3_PortfolioPageTestCase" name="verifyportfolioLogoTest">
    <skipped/>
  </testcase> <!-- verifyportfolioLogoTest -->
  <system-out/>
  <testcase classname="TestCases._3_PortfolioPageTestCase" name="verifyholdingChartTest">
    <skipped/>
  </testcase> <!-- verifyholdingChartTest -->
  <system-out/>
</testsuite> <!-- TestCases._3_PortfolioPageTestCase -->
