<?xml version="1.0" encoding="UTF-8"?>
<!-- Generated by org.testng.reporters.JUnitReportReporter -->
<testsuite hostname="Shubham" failures="0" tests="9" name="TestCases._1_HomePageTestCase" time="64.510" errors="0" timestamp="2024-10-16T13:52:33 IST" skipped="0">
  <testcase classname="TestCases._1_HomePageTestCase" name="verifygetStartedButtonTest" time="6.300"/>
  <system-out>
    <![CDATA[ 'Started Button' is showing on Webpage]]>
  </system-out>
  <testcase classname="TestCases._1_HomePageTestCase" name="verifypolicyLableTest" time="9.009"/>
  <system-out>
    <![CDATA[ 'Policy Lable' is showing on Webpage]]>
  </system-out>
  <testcase classname="TestCases._1_HomePageTestCase" name="verifyhelpCenterLableTest" time="6.111"/>
  <system-out>
    <![CDATA[ 'Help Center' Lable is showing on Webpage]]>
  </system-out>
  <testcase classname="TestCases._1_HomePageTestCase" name="verifyTitleTest" time="8.057"/>
  <system-out>
    <![CDATA[ 'Title' is showing on Webpage]]>
  </system-out>
  <testcase classname="TestCases._1_HomePageTestCase" name="verifyloginButtonTest" time="4.771"/>
  <system-out>
    <![CDATA[ 'Login Button' is showing on Webpage]]>
  </system-out>
  <testcase classname="TestCases._1_HomePageTestCase" name="verifylandingPageLogoTest" time="5.077"/>
  <system-out>
    <![CDATA[ 'Landling Logo' is showing on Webpage]]>
  </system-out>
  <testcase classname="TestCases._1_HomePageTestCase" name="verifyURLTest" time="13.903"/>
  <system-out>
    <![CDATA[ 'URL' is showing on Webpage https://www.investopedia.com/simulator/]]>
  </system-out>
  <testcase classname="TestCases._1_HomePageTestCase" name="verifycopyRightsLableTest" time="5.714"/>
  <system-out>
    <![CDATA[ 'Copy Rights Lable' is showing on Webpage]]>
  </system-out>
  <testcase classname="TestCases._1_HomePageTestCase" name="verifytermsLableTest" time="5.568"/>
  <system-out>
    <![CDATA[ 'Terms lable' is showing on Webpage]]>
  </system-out>
</testsuite> <!-- TestCases._1_HomePageTestCase -->
