<?xml version="1.0" encoding="UTF-8"?>
<!-- Generated by org.testng.reporters.JUnitReportReporter -->
<testsuite hostname="Shubham" failures="0" tests="1" name="TestCases._4_PorfileSettingPageTestCase" time="36.125" errors="0" timestamp="2024-10-17T19:18:41 IST" skipped="0">
  <testcase classname="TestCases._4_PorfileSettingPageTestCase" name="verifyURLTest" time="36.125"/>
  <system-out>
    <![CDATA[URL shown in the webpage:- https://www.investopedia.com/simulator/account]]>
  </system-out>
</testsuite> <!-- TestCases._4_PorfileSettingPageTestCase -->
